app/build/intermediates/manifest_merge_blame_file/debug/manifest-merger-blame-debug-report.txt
1<?xml version="1.0" encoding="utf-8"?>
2<manifest xmlns:android="http://schemas.android.com/apk/res/android"
3    package="com.example.uts"
4    android:versionCode="1"
5    android:versionName="1.0" >
6
7    <uses-sdk
8        android:minSdkVersion="23"
8-->src\main\AndroidManifest.xml
9        android:targetSdkVersion="30" />
9-->src\main\AndroidManifest.xml
10
11    <application
11-->src\main\AndroidManifest.xml:5:5-26:19
12        android:allowBackup="true"
12-->src\main\AndroidManifest.xml:6:9-35
13        android:appComponentFactory="androidx.core.app.CoreComponentFactory"
13-->[androidx.core:core:1.5.0] AndroidManifest.xml:24:18-86
14        android:debuggable="true"
15        android:extractNativeLibs="false"
16        android:icon="@mipmap/ic_launcher"
16-->src\main\AndroidManifest.xml:7:9-43
17        android:label="@string/app_name"
17-->src\main\AndroidManifest.xml:8:9-41
18        android:roundIcon="@mipmap/ic_launcher_round"
18-->src\main\AndroidManifest.xml:9:9-54
19        android:supportsRtl="true"
19-->src\main\AndroidManifest.xml:10:9-35
20        android:testOnly="true"
21        android:theme="@style/Theme.UTS" >
21-->src\main\AndroidManifest.xml:11:9-41
22        <activity android:name="com.example.uts.Activity8" />
22-->src\main\AndroidManifest.xml:12:9-56
22-->src\main\AndroidManifest.xml:12:19-44
23        <activity android:name="com.example.uts.Activity7" />
23-->src\main\AndroidManifest.xml:13:9-47
23-->src\main\AndroidManifest.xml:13:19-44
24        <activity android:name="com.example.uts.Activity6" />
24-->src\main\AndroidManifest.xml:14:9-47
24-->src\main\AndroidManifest.xml:14:19-44
25        <activity android:name="com.example.uts.Activity5" />
25-->src\main\AndroidManifest.xml:15:9-47
25-->src\main\AndroidManifest.xml:15:19-44
26        <activity android:name="com.example.uts.Activity4" />
26-->src\main\AndroidManifest.xml:16:9-47
26-->src\main\AndroidManifest.xml:16:19-44
27        <activity android:name="com.example.uts.Activity3" />
27-->src\main\AndroidManifest.xml:17:9-47
27-->src\main\AndroidManifest.xml:17:19-44
28        <activity android:name="com.example.uts.Activity2" />
28-->src\main\AndroidManifest.xml:18:9-47
28-->src\main\AndroidManifest.xml:18:19-44
29        <activity android:name="com.example.uts.MainActivity" >
29-->src\main\AndroidManifest.xml:19:9-25:20
29-->src\main\AndroidManifest.xml:19:19-47
30            <intent-filter>
30-->src\main\AndroidManifest.xml:20:13-24:29
31                <action android:name="android.intent.action.MAIN" />
31-->src\main\AndroidManifest.xml:21:17-69
31-->src\main\AndroidManifest.xml:21:25-66
32
33                <category android:name="android.intent.category.LAUNCHER" />
33-->src\main\AndroidManifest.xml:23:17-77
33-->src\main\AndroidManifest.xml:23:27-74
34            </intent-filter>
35        </activity>
36    </application>
37
38</manifest>